Traceback (most recent call last):
  File "GetPhotos.py", line 51, in <module>
    for line in api.GetStreamFilter(track=USERS):
  File "/usr/local/lib/python2.7/dist-packages/twitter/api.py", line 4575, in GetStreamFilter
    for line in resp.iter_lines():
  File "/usr/local/lib/python2.7/dist-packages/requests/models.py", line 793, in iter_lines
    for chunk in self.iter_content(chunk_size=chunk_size, decode_unicode=decode_unicode):
  File "/usr/local/lib/python2.7/dist-packages/requests/models.py", line 749, in generate
    for chunk in self.raw.stream(chunk_size, decode_content=True):
  File "/usr/local/lib/python2.7/dist-packages/urllib3/response.py", line 461, in stream
    for line in self.read_chunked(amt, decode_content=decode_content):
  File "/usr/local/lib/python2.7/dist-packages/urllib3/response.py", line 637, in read_chunked
    self._update_chunk_length()
  File "/usr/local/lib/python2.7/dist-packages/urllib3/response.py", line 569, in _update_chunk_length
    line = self._fp.fp.readline()
  File "/usr/lib/python2.7/socket.py", line 451, in readline
    data = self._sock.recv(self._rbufsize)
  File "/usr/lib/python2.7/ssl.py", line 756, in recv
    return self.read(buflen)
  File "/usr/lib/python2.7/ssl.py", line 643, in read
    v = self._sslobj.read(len)
KeyboardInterrupt
